<?xml version="1.0" encoding="UTF-8"?>
<!-- Generated by org.testng.reporters.JUnitXMLReporter -->
<testsuite ignored="4" hostname="DESKTOP-8S8SJ7F" failures="0" tests="1" name="Test" time="13.999" errors="0" timestamp="2023-01-06T14:47:04 IST">
  <testcase classname="TestCases.KeyWords" name="VerifyBotLogoTest" time="0.114"/>
  <testcase classname="TestCases.failedTest" name="Test1" time="0.0">
    <ignored/>
  </testcase> <!-- Test1 -->
  <testcase classname="TestCases.failedTest" name="Test4" time="0.0">
    <ignored/>
  </testcase> <!-- Test4 -->
  <testcase classname="TestCases.failedTest" name="Test3" time="0.0">
    <ignored/>
  </testcase> <!-- Test3 -->
  <testcase classname="TestCases.failedTest" name="Test2" time="0.0">
    <ignored/>
  </testcase> <!-- Test2 -->
</testsuite> <!-- Test -->
