<?xml version="1.0" encoding="UTF-8"?>
<!-- Generated by org.testng.reporters.JUnitXMLReporter -->
<testsuite ignored="0" hostname="DESKTOP-8S8SJ7F" failures="0" tests="4" name="Default test" time="53.079" errors="0" timestamp="2023-01-09T00:05:32 IST">
  <testcase classname="TestCases.ParallelTest" name="test1" time="6.864"/>
  <testcase classname="TestCases.ParallelTest" name="test2" time="20.661"/>
  <testcase classname="TestCases.ParallelTest" name="test3" time="20.778"/>
  <testcase classname="TestCases.ParallelTest" name="test4" time="4.709"/>
</testsuite> <!-- Default test -->
