<?xml version="1.0" encoding="UTF-8"?>
<!-- Generated by org.testng.reporters.JUnitXMLReporter -->
<testsuite ignored="5" hostname="DESKTOP-8S8SJ7F" failures="0" tests="1" name="Default test(failed)(failed)" time="10.806" errors="0" timestamp="2023-01-05T23:21:56 IST">
  <testcase classname="TestCases.LoginPageTest" name="LoginAppTest" time="2.543"/>
  <testcase classname="TestCases.LoginPageTest" name="VerifyLoginLogoTest" time="0.0">
    <ignored/>
  </testcase> <!-- VerifyLoginLogoTest -->
  <testcase classname="TestCases.LoginPageTest" name="VerifyBotLogoTest" time="0.0">
    <ignored/>
  </testcase> <!-- VerifyBotLogoTest -->
  <testcase classname="TestCases.LoginPageTest" name="verifyTitleTest" time="0.0">
    <ignored/>
  </testcase> <!-- verifyTitleTest -->
  <testcase classname="TestCases.LoginPageTest" name="VerifyLabelOfInventryTest" time="0.0">
    <ignored/>
  </testcase> <!-- VerifyLabelOfInventryTest -->
  <testcase classname="TestCases.LoginPageTest" name="verifyCurrentUrlTest" time="0.0">
    <ignored/>
  </testcase> <!-- verifyCurrentUrlTest -->
</testsuite> <!-- Default test(failed)(failed) -->
