<?xml version="1.0" encoding="UTF-8"?>
<testng-results ignored="0" total="4" passed="4" failed="0" skipped="0">
  <reporter-output>
  </reporter-output>
  <suite started-at="2023-01-09T00:14:32 IST" name="Suite" finished-at="2023-01-09T00:15:19 IST" duration-ms="46564">
    <groups>
    </groups>
    <test started-at="2023-01-09T00:14:32 IST" name="Test" finished-at="2023-01-09T00:15:19 IST" duration-ms="46564">
      <class name="TestCases.ParallelTest">
        <test-method signature="test3()[pri:0, instance:TestCases.ParallelTest@4944252c]" started-at="2023-01-09T00:14:32 IST" name="test3" finished-at="2023-01-09T00:14:53 IST" duration-ms="20137" status="PASS">
          <reporter-output>
          </reporter-output>
        </test-method> <!-- test3 -->
        <test-method signature="test1()[pri:0, instance:TestCases.ParallelTest@4944252c]" started-at="2023-01-09T00:14:32 IST" name="test1" finished-at="2023-01-09T00:15:02 IST" duration-ms="29511" status="PASS">
          <reporter-output>
          </reporter-output>
        </test-method> <!-- test1 -->
        <test-method signature="test4()[pri:0, instance:TestCases.ParallelTest@4944252c]" started-at="2023-01-09T00:14:32 IST" name="test4" finished-at="2023-01-09T00:14:45 IST" duration-ms="12288" status="PASS">
          <reporter-output>
          </reporter-output>
        </test-method> <!-- test4 -->
        <test-method signature="test2()[pri:0, instance:TestCases.ParallelTest@4944252c]" started-at="2023-01-09T00:14:32 IST" name="test2" finished-at="2023-01-09T00:15:19 IST" duration-ms="46503" status="PASS">
          <reporter-output>
          </reporter-output>
        </test-method> <!-- test2 -->
      </class> <!-- TestCases.ParallelTest -->
    </test> <!-- Test -->
  </suite> <!-- Suite -->
</testng-results>
